termux-gui/app/seeds.txt
com.termux.protocol.protobuf.v0.GUIProt0$SelectItemRequest$Builder
com.termux.protocol.protobuf.v0.GUIProt0$CreateNestedScrollViewResponse$Builder
com.termux.protocol.protobuf.v0.GUIProt0$CreateCheckboxResponse
com.termux.protocol.protobuf.v0.GUIProt0$RequestFocusResponse
com.termux.protocol.protobuf.v0.GUIProt0$SelectItemResponseOrBuilder
com.termux.protocol.protobuf.v0.GUIProt0$SetGridLayoutParamsRequest$Builder
com.termux.protocol.protobuf.v0.GUIProt0$ConfigureInsetsRequest
com.termux.protocol.protobuf.v0.GUIProt0$ConfigureInsetsRequest$Builder
com.termux.protocol.protobuf.v0.HandleView$gravity$$inlined$handleView$1
com.termux.protocol.protobuf.v0.GUIProt0$StartEvent
com.termux.protocol.protobuf.v0.GUIProt0$LocaleEvent$Builder
com.termux.protocol.protobuf.v0.GUIProt0$CreateHorizontalScrollViewResponseOrBuilder
com.termux.databinding.WidgetConfigurationLayoutBinding
com.termux.protocol.protobuf.v0.GUIProt0$SetRemoteVisibilityResponse
com.termux.protocol.protobuf.v0.HandleCreate$progressBar$$inlined$createView$1
com.termux.protocol.protobuf.v0.GUIProt0$SetDataResponse$Builder
com.termux.protocol.protobuf.ProtoUtils$Companion
com.termux.protocol.protobuf.v0.GUIProt0$AddRemoteButtonResponse$Builder
com.termux.protocol.protobuf.v0.GUIProt0$GetConfigurationResponse$Builder
com.termux.databinding.RemoteViewRootBinding
com.termux.protocol.json.v0.HandleActivityAndTask
com.termux.protocol.protobuf.v0.GUIProt0$AddRemoteFrameLayoutRequest$Builder
com.termux.protocol.protobuf.v0.GUIProt0$DeleteViewRequest$Builder
com.termux.protocol.protobuf.v0.GUIProt0$AddBufferRequest$Format$1
com.termux.protocol.protobuf.v0.GUIProt0$CreateFrameLayoutRequestOrBuilder
com.termux.protocol.protobuf.v0.GUIProt0$DeleteRemoteLayoutRequestOrBuilder
com.termux.protocol.protobuf.v0.GUIProt0$Importance
com.termux.protocol.protobuf.v0.GUIProt0$FinishTaskRequestOrBuilder
com.termux.protocol.protobuf.v0.HandleCreate$text$$inlined$createView$1
com.termux.protocol.protobuf.v0.GUIProt0$GetConfigurationRequestOrBuilder
com.termux.protocol.protobuf.v0.GUIProt0$RemoteClickEvent
com.termux.App
com.termux.views.HardwareBufferSurfaceView$FrameCallbackListener
com.termux.protocol.protobuf.v0.GUIProt0$SetPositionRequest
com.termux.protocol.protobuf.v0.GUIProt0$SetTaskDescriptionRequest
com.termux.protocol.protobuf.v0.HandleView$setText$$inlined$handleView$1
com.termux.protocol.protobuf.v0.GUIProt0$CreateNotificationRequest$BigImageNotificationOrBuilder
com.termux.protocol.protobuf.v0.GUIProt0$SetRemoteTextColorRequest
com.termux.protocol.protobuf.v0.GUIProt0$AllowContentURIResponse
com.termux.protocol.protobuf.v0.GUIProt0$AllowContentURIResponseOrBuilder
com.termux.protocol.protobuf.v0.GUIProt0$LocaleEvent
com.termux.protocol.protobuf.v0.GUIProt0$SetPiPModeRequest$Builder
com.termux.protocol.protobuf.v0.GUIProt0$DeleteRemoteLayoutResponseOrBuilder
com.termux.protocol.protobuf.v0.GUIProt0$Importance$1
com.termux.protocol.protobuf.v0.GUIProt0$SetCheckedResponse
com.termux.protocol.shared.v0.DataClasses$RemoteLayoutRepresentation
com.termux.protocol.protobuf.v0.GUIProt0$AirplaneEvent$Builder
com.termux.protocol.protobuf.v0.GUIProt0$ResumeEvent
com.termux.PendingIntentReceiver
com.termux.protocol.protobuf.v0.GUIProt0$ScreenOffEventOrBuilder
com.termux.databinding.RemoteImageview2Binding
com.termux.protocol.protobuf.v0.GUIProt0$SetVisibilityResponse
com.termux.R$dimen
com.termux.protocol.protobuf.v0.GUIProt0$SetCheckedRequest$Builder
com.termux.protocol.protobuf.v0.GUIProt0$SetTextColorRequest
com.termux.protocol.protobuf.v0.GUIProt0$KeyAction
com.termux.Util$Companion$setTextWatcher$1
com.termux.protocol.protobuf.v0.GUIProt0$DeleteChildrenResponse$Builder
com.termux.protocol.protobuf.v0.GUIProt0$CreateImageViewRequest
com.termux.protocol.protobuf.v0.GUIProt0$SetHeightResponse$Builder
com.termux.protocol.protobuf.v0.HandleView$delete$$inlined$handleView$1
com.termux.protocol.protobuf.v0.GUIProt0$SetGridLayoutParamsRequestOrBuilder
...
com.google.protobuf.Enum: com.google.protobuf.EnumValueOrBuilder getEnumvalueOrBuilder(int)
com.google.protobuf.BoolValue: com.google.protobuf.Parser parser()
androidx.core.view.WindowInsetsCompat$BuilderImpl20: android.view.WindowInsets createWindowInsetsInstance()
com.google.protobuf.FieldMask: java.util.List getPathsList()
androidx.appcompat.widget.AppCompatToggleButton: void setSupportBackgroundTintList(android.content.res.ColorStateList)
com.google.android.material.button.MaterialButton: void setIcon(android.graphics.drawable.Drawable)
androidx.appcompat.resources.Compatibility$Api15Impl: void getValueForDensity(android.content.res.Resources,int,int,android.util.TypedValue,boolean)
com.google.android.material.tabs.TabLayout: void setOnTabSelectedListener(com.google.android.material.tabs.TabLayout$OnTabSelectedListener)
com.google.protobuf.Type: java.util.List getFieldsOrBuilderList()
androidx.core.view.ViewCompat$Api16Impl: void setBackground(android.view.View,android.graphics.drawable.Drawable)
com.google.android.material.textfield.TextInputLayout: void setPlaceholderText(java.lang.CharSequence)
com.google.protobuf.BytesValue: com.google.protobuf.BytesValue$Builder newBuilder(com.google.protobuf.BytesValue)
androidx.core.widget.NestedScrollView: void onNestedScroll(android.view.View,int,int,int,int)
androidx.appcompat.widget.AppCompatEditText: void setSupportBackgroundTintList(android.content.res.ColorStateList)
com.google.protobuf.Field: void access$500(com.google.protobuf.Field,com.google.protobuf.Field$Cardinality)
androidx.constraintlayout.widget.Barrier: Barrier(android.content.Context,android.util.AttributeSet)
com.google.protobuf.Api: com.google.protobuf.ByteString getNameBytes()
androidx.appcompat.widget.AppCompatButton: int getAutoSizeTextType()
com.google.protobuf.Api: java.util.List getMethodsList()
com.google.android.material.textfield.TextInputLayout: void setCounterOverflowTextColor(android.content.res.ColorStateList)
androidx.core.app.ActivityCompat$Api21Impl: void finishAfterTransition(android.app.Activity)
com.google.protobuf.Int64Value: com.google.protobuf.Int64Value parseFrom(com.google.protobuf.ByteString)
com.google.protobuf.EnumValue: void setNumber(int)
androidx.swiperefreshlayout.widget.SwipeRefreshLayout: void setProgressBackgroundColor(int)
com.google.protobuf.Method: <clinit>()
com.google.android.material.radiobutton.MaterialRadioButton: void setUseMaterialThemeColors(boolean)
androidx.core.view.ViewCompat$Api16Impl: void setImportantForAccessibility(android.view.View,int)
com.google.gson.FieldNamingPolicy: com.google.gson.FieldNamingPolicy[] values()
androidx.appcompat.widget.AppCompatAutoCompleteTextView: void setDropDownBackgroundResource(int)
com.google.protobuf.Value: void access$700(com.google.protobuf.Value,java.lang.String)
com.google.android.material.snackbar.BaseTransientBottomBar$SnackbarBaseLayout: float getActionTextColorAlpha()
androidx.appcompat.widget.Toolbar: void setCollapsible(boolean)
androidx.appcompat.widget.AppCompatButton: void setSupportCompoundDrawablesTintMode(android.graphics.PorterDuff$Mode)
androidx.constraintlayout.core.widgets.analyzer.DependencyNode$Type: androidx.constraintlayout.core.widgets.analyzer.DependencyNode$Type[] values()
com.google.android.material.textfield.TextInputLayout: android.graphics.drawable.Drawable getEndIconDrawable()
androidx.swiperefreshlayout.widget.SwipeRefreshLayout: void setColorSchemeResources(int[])
androidx.appcompat.widget.Toolbar: android.view.View getNavButtonView()
androidx.core.view.WindowInsetsCompat$Impl29: void setStableInsets(androidx.core.graphics.Insets)
androidx.appcompat.widget.Toolbar: void setContentInsetStartWithNavigation(int)
com.google.android.material.internal.BaselineLayout: int getBaseline()
com.google.android.material.textfield.TextInputLayout: float getBoxCornerRadiusTopStart()
androidx.appcompat.widget.AppCompatImageView: android.content.res.ColorStateList getSupportImageTintList()