termux-gui/app/mapping.txt
# compiler: R8
# compiler_version: 8.8.27
# min_api: 24
# common_typos_disable
# {"id":"com.android.tools.r8.mapping","version":"2.2"}
# pg_map_id: 41d6353
# pg_map_hash: SHA-256 41d6353c9ce60147537df47823bf2a607f805e8a0b8acf94e40e15cdc22cb319
com.termux.App -> com.termux.App:
# {"id":"sourceFile","fileName":"App.kt"}
    0:0:void $r8$lambda$RptiRp7XOH9DZFmME0tW9vUxO0Q(java.lang.Thread,java.lang.Throwable) -> $r8$lambda$RptiRp7XOH9DZFmME0tW9vUxO0Q
      # {"id":"com.android.tools.r8.synthesized"}
    12:12:void <init>() -> <init>
    12:12:com.termux.App access$getAPP$cp() -> access$getAPP$cp
    12:12:void access$setAPP$cp(com.termux.App) -> access$setAPP$cp
    17:17:void onCreate() -> onCreate
    18:18:void onCreate() -> onCreate
    19:19:void onCreate() -> onCreate
    21:21:void onCreate() -> onCreate
    22:22:void onCreate() -> onCreate
    23:23:void onCreate() -> onCreate
    24:24:void onCreate() -> onCreate
    25:25:void onCreate() -> onCreate
    26:26:void onCreate() -> onCreate
    28:28:void onCreate() -> onCreate
    29:29:void onCreate() -> onCreate
    30:30:void onCreate() -> onCreate
    29:29:void onCreate$lambda$1(java.lang.Thread,java.lang.Throwable) -> onCreate$lambda$1
com.termux.App$$ExternalSyntheticApiModelOutline0 -> com.termux.App$$ExternalSyntheticApiModelOutline0:
# {"id":"sourceFile","fileName":"R8$$SyntheticClass"}
# {"id":"com.android.tools.r8.synthesized"}
    0:0:android.content.Intent m(android.app.ActivityManager$RecentTaskInfo) -> m
      # {"id":"com.android.tools.r8.synthesized"}
com.termux.App$$ExternalSyntheticLambda1 -> com.termux.App$$ExternalSyntheticLambda1:
# {"id":"sourceFile","fileName":"R8$$SyntheticClass"}
# {"id":"com.android.tools.r8.synthesized"}
    0:0:void <init>() -> <init>
      # {"id":"com.android.tools.r8.synthesized"}
    0:0:void uncaughtException(java.lang.Thread,java.lang.Throwable) -> uncaughtException
      # {"id":"com.android.tools.r8.synthesized"}
com.termux.App$Companion -> com.termux.App$Companion:
# {"id":"sourceFile","fileName":"App.kt"}
    0:0:void <init>(kotlin.jvm.internal.DefaultConstructorMarker) -> <init>
    13:13:void <init>() -> <init>
    14:14:com.termux.App getAPP() -> getAPP
    14:14:void setAPP(com.termux.App) -> setAPP
com.termux.BuildConfig -> com.termux.BuildConfig:
# {"id":"sourceFile","fileName":"BuildConfig.java"}
    7:7:void <clinit>() -> <clinit>
    6:6:void <init>() -> <init>
com.termux.ConnectionHandler -> com.termux.ConnectionHandler:
# {"id":"sourceFile","fileName":"ConnectionHandler.kt"}
    0:0:void $r8$lambda$K5mdfncAU55pl17Zw9SUOVObodA(int,com.termux.ConnectionHandler,android.net.LocalSocket) -> $r8$lambda$K5mdfncAU55pl17Zw9SUOVObodA
      # {"id":"com.android.tools.r8.synthesized"}
    34:34:void <clinit>() -> <clinit>
    35:35:void <clinit>() -> <clinit>
    36:36:void <clinit>() -> <clinit>
    37:37:void <clinit>() -> <clinit>
    38:38:void <clinit>() -> <clinit>
    25:25:com.google.gson.Gson access$getGson$cp() -> <init>
    25:25:void <init>(com.termux.GUIService$ConnectionRequest,com.termux.GUIService):25 -> <init>
    47:47:void <init>(com.termux.GUIService$ConnectionRequest,com.termux.GUIService) -> <init>
    48:48:void <init>(com.termux.GUIService$ConnectionRequest,com.termux.GUIService) -> <init>
    49:49:void <init>(com.termux.GUIService$ConnectionRequest,com.termux.GUIService) -> <init>
    25:25:com.google.gson.Gson access$getGson$cp() -> access$getGson$cp
    17:17:java.lang.Runnable kotlinx.coroutines.RunnableKt.Runnable(kotlin.jvm.functions.Function0) -> run
    17:17:void run():62 -> run
    55:55:void run() -> run
    56:56:void run() -> run
    58:58:void run() -> run
    59:59:void run() -> run
    62:62:void run() -> run
    70:70:void run() -> run
    71:71:void run() -> run
    72:72:void run() -> run
    73:73:void run() -> run
    74:74:void run() -> run
    75:75:void run() -> run
    77:77:void run() -> run
...
kotlinx.coroutines.android.AndroidExceptionPreHandler -> kotlinx.coroutines.android.AndroidExceptionPreHandler:
# {"id":"sourceFile","fileName":"AndroidExceptionPreHandler.kt"}
    12:12:void <init>() -> <init>
    13:13:void <init>() -> <init>
    16:16:void <init>() -> <init>
    47:47:void handleException(kotlin.coroutines.CoroutineContext,java.lang.Throwable) -> handleException
    48:48:void handleException(kotlin.coroutines.CoroutineContext,java.lang.Throwable) -> handleException
    49:49:void handleException(kotlin.coroutines.CoroutineContext,java.lang.Throwable) -> handleException
    51:51:void handleException(kotlin.coroutines.CoroutineContext,java.lang.Throwable) -> handleException
    20:20:java.lang.reflect.Method preHandler() -> preHandler
    21:21:java.lang.reflect.Method preHandler() -> preHandler
    22:22:java.lang.reflect.Method preHandler() -> preHandler
    23:23:java.lang.reflect.Method preHandler() -> preHandler
    24:24:java.lang.reflect.Method preHandler() -> preHandler
    26:26:java.lang.reflect.Method preHandler() -> preHandler
    27:27:java.lang.reflect.Method preHandler() -> preHandler
    29:29:java.lang.reflect.Method preHandler() -> preHandler
    30:30:java.lang.reflect.Method preHandler() -> preHandler
kotlinx.coroutines.android.HandlerContext -> kotlinx.coroutines.android.HandlerContext:
# {"id":"sourceFile","fileName":"HandlerDispatcher.kt"}
    114:114:android.os.Handler access$getHandler$p(kotlinx.coroutines.android.HandlerContext) -> <init>
    114:114:void <init>(android.os.Handler,java.lang.String,boolean):114 -> <init>
    115:115:void <init>(android.os.Handler,java.lang.String,boolean) -> <init>
    116:116:void <init>(android.os.Handler,java.lang.String,boolean) -> <init>
    117:117:void <init>(android.os.Handler,java.lang.String,boolean) -> <init>
    118:118:void <init>(android.os.Handler,java.lang.String,boolean) -> <init>
    131:131:void <init>(android.os.Handler,java.lang.String,boolean) -> <init>
    133:133:kotlinx.coroutines.android.HandlerContext getImmediate() -> <init>
    133:133:void <init>(android.os.Handler,java.lang.String,boolean):133 -> <init>
    134:134:void <init>(android.os.Handler,java.lang.String,boolean) -> <init>
    213:213:void <init>(android.os.Handler,java.lang.String,boolean) -> <init>
    125:125:void <init>(android.os.Handler,java.lang.String,int,kotlin.jvm.internal.DefaultConstructorMarker) -> <init>
    127:127:void <init>(android.os.Handler,java.lang.String,int,kotlin.jvm.internal.DefaultConstructorMarker) -> <init>
    128:128:void <init>(android.os.Handler,java.lang.String,int,kotlin.jvm.internal.DefaultConstructorMarker) -> <init>
kotlinx.coroutines.android.HandlerDispatcher -> kotlinx.coroutines.android.HandlerDispatcher:
# {"id":"sourceFile","fileName":"HandlerDispatcher.kt"}
    0:0:void <init>(kotlin.jvm.internal.DefaultConstructorMarker) -> <init>
    22:22:void <init>() -> <init>
kotlinx.coroutines.android.HandlerDispatcherKt -> kotlinx.coroutines.android.HandlerDispatcherKt:
# {"id":"sourceFile","fileName":"HandlerDispatcher.kt"}
    109:109:void <clinit>() -> <clinit>
    236:236:void <clinit>() -> <clinit>
    86:86:android.os.Handler asHandler(android.os.Looper,boolean) -> asHandler
    87:87:android.os.Handler asHandler(android.os.Looper,boolean) -> asHandler
    90:90:android.os.Handler asHandler(android.os.Looper,boolean) -> asHandler
    92:92:android.os.Handler asHandler(android.os.Looper,boolean) -> asHandler
    93:93:android.os.Handler asHandler(android.os.Looper,boolean) -> asHandler
    97:97:android.os.Handler asHandler(android.os.Looper,boolean) -> asHandler
    98:98:android.os.Handler asHandler(android.os.Looper,boolean) -> asHandler
    100:100:android.os.Handler asHandler(android.os.Looper,boolean) -> asHandler
    102:102:android.os.Handler asHandler(android.os.Looper,boolean) -> asHandler
    104:104:android.os.Handler asHandler(android.os.Looper,boolean) -> asHandler